2021-11-27 15:56:40,112 - INFO - Testing tsp.cpp
2021-11-27 15:56:40,112 - DEBUG - Compiling tsp.cpp...
2021-11-27 15:56:41,477 - ERROR - No test files found by pattern ./tests/*.txt
2021-11-27 15:56:47,697 - INFO - Testing tsp.cpp
2021-11-27 15:56:47,697 - DEBUG - Compiling tsp.cpp...
2021-11-27 15:56:48,809 - ERROR - No test files found by pattern ./tests/*.txt
2021-11-27 15:57:08,992 - INFO - Testing tsp.cpp
2021-11-27 15:57:08,993 - DEBUG - Compiling tsp.cpp...
2021-11-27 15:57:13,606 - INFO - tsp ./tests/19_rnd_0.txt [92m[ok] - 1.000[0m
2021-11-27 15:57:13,607 - INFO - tsp ./tests/19_rnd_1.txt [92m[ok] - 1.000[0m
2021-11-27 15:57:13,608 - INFO - tsp ./tests/19_rnd_2.txt [92m[ok] - 1.000[0m
2021-11-27 15:57:13,608 - INFO - tsp ./tests/bcl380.txt   [93m[ok] - 0.926[0m
2021-11-27 15:57:14,846 - INFO - tsp ./tests/berlin52.txt [92m[ok] - 1.000[0m
2021-11-27 15:57:15,714 - INFO - tsp ./tests/bier127.txt  [92m[ok] - 1.000[0m
2021-11-27 15:57:15,714 - INFO - tsp ./tests/ch130.txt    [92m[ok] - 1.000[0m
2021-11-27 15:57:15,716 - INFO - tsp ./tests/ch150.txt    [92m[ok] - 1.000[0m
2021-11-27 15:57:16,935 - INFO - tsp ./tests/d1291.txt    [95m[ok] - 0.790[0m
2021-11-27 15:57:17,832 - INFO - tsp ./tests/d198.txt     [93m[ok] - 0.972[0m
2021-11-27 15:57:17,840 - INFO - tsp ./tests/d493.txt     [93m[ok] - 0.883[0m
2021-11-27 15:57:17,841 - INFO - tsp ./tests/d657.txt     [93m[ok] - 0.922[0m
2021-11-27 15:57:19,071 - INFO - tsp ./tests/dsj1000.txt  [95m[ok] - 0.777[0m
2021-11-27 15:57:19,854 - INFO - tsp ./tests/eil101.txt   [92m[ok] - 1.000[0m
2021-11-27 15:57:19,892 - INFO - tsp ./tests/eil51.txt    [92m[ok] - 1.000[0m
2021-11-27 15:57:19,949 - INFO - tsp ./tests/eil76.txt    [92m[ok] - 1.000[0m
2021-11-27 15:57:21,194 - INFO - tsp ./tests/fl417.txt    [93m[ok] - 0.974[0m
2021-11-27 15:57:21,973 - INFO - tsp ./tests/lin105.txt   [92m[ok] - 1.000[0m
2021-11-27 15:57:21,973 - INFO - tsp ./tests/lin318.txt   [93m[ok] - 0.928[0m
2021-11-27 15:57:22,077 - INFO - tsp ./tests/lu980.txt    [93m[ok] - 0.805[0m
2021-11-27 15:57:23,330 - INFO - tsp ./tests/pcb1173.txt  [95m[ok] - 0.632[0m
2021-11-27 15:57:24,074 - INFO - tsp ./tests/pcb442.txt   [93m[ok] - 0.924[0m
2021-11-27 15:57:24,083 - INFO - tsp ./tests/pr107.txt    [92m[ok] - 1.000[0m
2021-11-27 15:57:24,153 - INFO - tsp ./tests/pr124.txt    [92m[ok] - 1.000[0m
2021-11-27 15:57:25,497 - INFO - tsp ./tests/pr136.txt    [92m[ok] - 1.000[0m
2021-11-27 15:57:26,242 - INFO - tsp ./tests/pr144.txt    [92m[ok] - 1.000[0m
2021-11-27 15:57:26,343 - INFO - tsp ./tests/pr152.txt    [93m[ok] - 0.957[0m
2021-11-27 15:57:26,366 - INFO - tsp ./tests/pr226.txt    [92m[ok] - 1.000[0m
2021-11-27 15:57:27,709 - INFO - tsp ./tests/pr264.txt    [92m[ok] - 1.000[0m
2021-11-27 15:57:28,465 - INFO - tsp ./tests/pr299.txt    [93m[ok] - 0.998[0m
2021-11-27 15:57:28,508 - INFO - tsp ./tests/pr439.txt    [92m[ok] - 0.999[0m
2021-11-27 15:57:28,523 - INFO - tsp ./tests/pr76.txt     [92m[ok] - 1.000[0m
2021-11-27 15:57:29,830 - INFO - tsp ./tests/rat195.txt   [93m[ok] - 0.955[0m
2021-11-27 15:57:30,587 - INFO - tsp ./tests/rat575.txt   [93m[ok] - 0.838[0m
2021-11-27 15:57:30,627 - INFO - tsp ./tests/rat783.txt   [93m[ok] - 0.809[0m
2021-11-27 15:57:30,627 - INFO - tsp ./tests/rat99.txt    [92m[ok] - 1.000[0m
2021-11-27 15:57:31,900 - INFO - tsp ./tests/rd100.txt    [92m[ok] - 1.000[0m
2021-11-27 15:57:32,699 - INFO - tsp ./tests/rd400.txt    [93m[ok] - 0.975[0m
2021-11-27 15:57:32,713 - INFO - tsp ./tests/rl1304.txt   [93m[ok] - 0.825[0m
2021-11-27 15:57:32,713 - INFO - tsp ./tests/xql662.txt   [93m[ok] - 0.841[0m
2021-11-27 15:57:33,983 - INFO - tsp ./tests/zi929.txt    [95m[ok] - 0.794[0m
2021-11-27 15:57:33,987 - INFO - 
Tests passed (score):

    ----------------
    41/41 (46.98/50)
    ----------------
2021-11-27 15:57:40,811 - INFO - Testing tsp.cpp
2021-11-27 15:57:40,811 - DEBUG - Compiling tsp.cpp...
2021-11-27 15:57:45,222 - INFO - tsp ./tests/19_rnd_0.txt [92m[ok] - 1.000[0m
2021-11-27 15:57:45,222 - INFO - tsp ./tests/19_rnd_1.txt [92m[ok] - 1.000[0m
2021-11-27 15:57:45,223 - INFO - tsp ./tests/19_rnd_2.txt [92m[ok] - 1.000[0m
2021-11-27 15:57:45,223 - INFO - tsp ./tests/bcl380.txt   [93m[ok] - 0.846[0m
2021-11-27 15:57:46,524 - INFO - tsp ./tests/berlin52.txt [92m[ok] - 1.000[0m
2021-11-27 15:57:47,284 - INFO - tsp ./tests/bier127.txt  [92m[ok] - 1.000[0m
2021-11-27 15:57:47,290 - INFO - tsp ./tests/ch130.txt    [92m[ok] - 1.000[0m
2021-11-27 15:57:47,383 - INFO - tsp ./tests/ch150.txt    [92m[ok] - 1.000[0m
2021-11-27 15:57:48,907 - INFO - tsp ./tests/d1291.txt    [95m[ok] - 0.773[0m
2021-11-27 15:57:49,653 - INFO - tsp ./tests/d198.txt     [93m[ok] - 0.998[0m
2021-11-27 15:57:49,667 - INFO - tsp ./tests/d493.txt     [93m[ok] - 0.861[0m
2021-11-27 15:57:49,708 - INFO - tsp ./tests/d657.txt     [93m[ok] - 0.885[0m
2021-11-27 15:57:51,788 - INFO - tsp ./tests/dsj1000.txt  [95m[ok] - 0.786[0m
2021-11-27 15:57:52,879 - INFO - tsp ./tests/eil101.txt   [92m[ok] - 1.000[0m
2021-11-27 15:57:52,881 - INFO - tsp ./tests/eil51.txt    [92m[ok] - 1.000[0m
2021-11-27 15:57:52,981 - INFO - tsp ./tests/eil76.txt    [92m[ok] - 1.000[0m
2021-11-27 15:57:54,826 - INFO - tsp ./tests/fl417.txt    [93m[ok] - 0.957[0m
2021-11-27 15:57:55,547 - INFO - tsp ./tests/lin105.txt   [92m[ok] - 1.000[0m
2021-11-27 15:57:55,549 - INFO - tsp ./tests/lin318.txt   [93m[ok] - 0.960[0m
2021-11-27 15:57:55,617 - INFO - tsp ./tests/lu980.txt    [93m[ok] - 0.826[0m
2021-11-27 15:57:57,209 - INFO - tsp ./tests/pcb1173.txt  [95m[ok] - 0.672[0m
2021-11-27 15:57:57,864 - INFO - tsp ./tests/pcb442.txt   [93m[ok] - 0.914[0m
2021-11-27 15:57:57,864 - INFO - tsp ./tests/pr107.txt    [92m[ok] - 1.000[0m
2021-11-27 15:57:58,030 - INFO - tsp ./tests/pr124.txt    [92m[ok] - 1.000[0m
2021-11-27 15:57:59,528 - INFO - tsp ./tests/pr136.txt    [93m[ok] - 0.999[0m
2021-11-27 15:58:00,019 - INFO - tsp ./tests/pr144.txt    [92m[ok] - 1.000[0m
2021-11-27 15:58:00,020 - INFO - tsp ./tests/pr152.txt    [93m[ok] - 0.957[0m
2021-11-27 15:58:00,140 - INFO - tsp ./tests/pr226.txt    [92m[ok] - 1.000[0m
2021-11-27 15:58:01,797 - INFO - tsp ./tests/pr264.txt    [92m[ok] - 1.000[0m
2021-11-27 15:58:02,233 - INFO - tsp ./tests/pr299.txt    [92m[ok] - 1.000[0m
2021-11-27 15:58:02,236 - INFO - tsp ./tests/pr439.txt    [95m[ok] - 0.793[0m
2021-11-27 15:58:02,351 - INFO - tsp ./tests/pr76.txt     [92m[ok] - 1.000[0m
2021-11-27 15:58:03,912 - INFO - tsp ./tests/rat195.txt   [93m[ok] - 0.955[0m
2021-11-27 15:58:04,452 - INFO - tsp ./tests/rat575.txt   [93m[ok] - 0.856[0m
2021-11-27 15:58:04,459 - INFO - tsp ./tests/rat783.txt   [93m[ok] - 0.857[0m
2021-11-27 15:58:04,611 - INFO - tsp ./tests/rat99.txt    [92m[ok] - 1.000[0m
2021-11-27 15:58:06,070 - INFO - tsp ./tests/rd100.txt    [92m[ok] - 1.000[0m
2021-11-27 15:58:06,562 - INFO - tsp ./tests/rd400.txt    [93m[ok] - 0.928[0m
2021-11-27 15:58:06,638 - INFO - tsp ./tests/rl1304.txt   [95m[ok] - 0.692[0m
2021-11-27 15:58:06,725 - INFO - tsp ./tests/xql662.txt   [93m[ok] - 0.852[0m
2021-11-27 15:58:08,102 - INFO - tsp ./tests/zi929.txt    [95m[ok] - 0.796[0m
2021-11-27 15:58:08,106 - INFO - 
Tests passed (score):

    ----------------
    41/41 (46.54/50)
    ----------------
2021-11-27 15:58:56,627 - INFO - Testing tsp.cpp
2021-11-27 15:58:56,627 - DEBUG - Compiling tsp.cpp...
2021-11-27 15:59:00,929 - INFO - tsp ./tests/19_rnd_0.txt [92m[ok] - 1.000[0m
2021-11-27 15:59:00,930 - INFO - tsp ./tests/19_rnd_1.txt [92m[ok] - 1.000[0m
2021-11-27 15:59:00,930 - INFO - tsp ./tests/19_rnd_2.txt [92m[ok] - 1.000[0m
2021-11-27 15:59:00,930 - INFO - tsp ./tests/bcl380.txt   [93m[ok] - 0.857[0m
2021-11-27 15:59:02,138 - INFO - tsp ./tests/berlin52.txt [92m[ok] - 1.000[0m
2021-11-27 15:59:02,999 - INFO - tsp ./tests/bier127.txt  [92m[ok] - 1.000[0m
2021-11-27 15:59:03,039 - INFO - tsp ./tests/ch130.txt    [92m[ok] - 1.000[0m
2021-11-27 15:59:03,040 - INFO - tsp ./tests/ch150.txt    [92m[ok] - 1.000[0m
2021-11-27 15:59:04,277 - INFO - tsp ./tests/d1291.txt    [95m[ok] - 0.627[0m
2021-11-27 15:59:05,219 - INFO - tsp ./tests/d198.txt     [93m[ok] - 0.970[0m
2021-11-27 15:59:05,260 - INFO - tsp ./tests/d493.txt     [93m[ok] - 0.892[0m
2021-11-27 15:59:05,261 - INFO - tsp ./tests/d657.txt     [93m[ok] - 0.853[0m
2021-11-27 15:59:06,874 - INFO - tsp ./tests/dsj1000.txt  [95m[ok] - 0.774[0m
2021-11-27 15:59:07,797 - INFO - tsp ./tests/eil101.txt   [92m[ok] - 1.000[0m
2021-11-27 15:59:07,798 - INFO - tsp ./tests/eil51.txt    [92m[ok] - 1.000[0m
2021-11-27 15:59:07,798 - INFO - tsp ./tests/eil76.txt    [92m[ok] - 1.000[0m
2021-11-27 15:59:09,105 - INFO - tsp ./tests/fl417.txt    [93m[ok] - 0.993[0m
2021-11-27 15:59:10,049 - INFO - tsp ./tests/lin105.txt   [92m[ok] - 1.000[0m
2021-11-27 15:59:10,246 - INFO - tsp ./tests/lin318.txt   [93m[ok] - 0.931[0m
2021-11-27 15:59:10,247 - INFO - tsp ./tests/lu980.txt    [93m[ok] - 0.826[0m
2021-11-27 15:59:11,495 - INFO - tsp ./tests/pcb1173.txt  [95m[ok] - 0.611[0m
2021-11-27 15:59:12,277 - INFO - tsp ./tests/pcb442.txt   [93m[ok] - 0.889[0m
2021-11-27 15:59:12,287 - INFO - tsp ./tests/pr107.txt    [92m[ok] - 1.000[0m
2021-11-27 15:59:12,416 - INFO - tsp ./tests/pr124.txt    [92m[ok] - 1.000[0m
2021-11-27 15:59:13,561 - INFO - tsp ./tests/pr136.txt    [93m[ok] - 0.999[0m
2021-11-27 15:59:14,496 - INFO - tsp ./tests/pr144.txt    [92m[ok] - 1.000[0m
2021-11-27 15:59:14,496 - INFO - tsp ./tests/pr152.txt    [92m[ok] - 1.000[0m
2021-11-27 15:59:14,584 - INFO - tsp ./tests/pr226.txt    [92m[ok] - 1.000[0m
2021-11-27 15:59:15,934 - INFO - tsp ./tests/pr264.txt    [92m[ok] - 1.000[0m
2021-11-27 15:59:16,769 - INFO - tsp ./tests/pr299.txt    [93m[ok] - 0.983[0m
2021-11-27 15:59:16,770 - INFO - tsp ./tests/pr439.txt    [95m[ok] - 0.696[0m
2021-11-27 15:59:16,844 - INFO - tsp ./tests/pr76.txt     [92m[ok] - 1.000[0m
2021-11-27 15:59:18,157 - INFO - tsp ./tests/rat195.txt   [93m[ok] - 0.930[0m
2021-11-27 15:59:18,996 - INFO - tsp ./tests/rat575.txt   [93m[ok] - 0.882[0m
2021-11-27 15:59:19,040 - INFO - tsp ./tests/rat783.txt   [93m[ok] - 0.891[0m
2021-11-27 15:59:19,054 - INFO - tsp ./tests/rat99.txt    [92m[ok] - 1.000[0m
2021-11-27 15:59:20,774 - INFO - tsp ./tests/rd100.txt    [92m[ok] - 1.000[0m
2021-11-27 15:59:21,364 - INFO - tsp ./tests/rd400.txt    [93m[ok] - 0.951[0m
2021-11-27 15:59:21,474 - INFO - tsp ./tests/rl1304.txt   [95m[ok] - 0.731[0m
2021-11-27 15:59:21,474 - INFO - tsp ./tests/xql662.txt   [93m[ok] - 0.847[0m
2021-11-27 15:59:22,859 - INFO - tsp ./tests/zi929.txt    [95m[ok] - 0.758[0m
2021-11-27 15:59:22,863 - INFO - 
Tests passed (score):

    ----------------
    41/41 (46.21/50)
    ----------------
2021-11-27 15:59:24,435 - INFO - Testing tsp.cpp
2021-11-27 15:59:24,435 - DEBUG - Compiling tsp.cpp...
2021-11-27 15:59:40,981 - INFO - Testing tsp.cpp
2021-11-27 15:59:40,981 - DEBUG - Compiling tsp.cpp...
2021-11-27 15:59:45,470 - INFO - tsp ./tests/19_rnd_0.txt [92m[ok] - 1.000[0m
2021-11-27 15:59:45,471 - INFO - tsp ./tests/19_rnd_1.txt [92m[ok] - 1.000[0m
2021-11-27 15:59:45,471 - INFO - tsp ./tests/19_rnd_2.txt [92m[ok] - 1.000[0m
2021-11-27 15:59:45,471 - INFO - tsp ./tests/bcl380.txt   [92m[ok] - 1.000[0m
2021-11-27 15:59:47,081 - INFO - tsp ./tests/berlin52.txt [92m[ok] - 1.000[0m
2021-11-27 15:59:47,938 - INFO - tsp ./tests/bier127.txt  [92m[ok] - 1.000[0m
2021-11-27 15:59:47,942 - INFO - tsp ./tests/ch130.txt    [92m[ok] - 1.000[0m
2021-11-27 15:59:47,995 - INFO - tsp ./tests/ch150.txt    [92m[ok] - 1.000[0m
2021-11-27 15:59:49,367 - INFO - tsp ./tests/d1291.txt    [95m[ok] - 0.461[0m
2021-11-27 15:59:50,251 - INFO - tsp ./tests/d198.txt     [93m[ok] - 0.987[0m
2021-11-27 15:59:50,253 - INFO - tsp ./tests/d493.txt     [93m[ok] - 0.843[0m
2021-11-27 15:59:50,254 - INFO - tsp ./tests/d657.txt     [93m[ok] - 0.920[0m
2021-11-27 15:59:51,539 - INFO - tsp ./tests/dsj1000.txt  [95m[ok] - 0.790[0m
2021-11-27 15:59:52,315 - INFO - tsp ./tests/eil101.txt   [92m[ok] - 1.000[0m
2021-11-27 15:59:52,316 - INFO - tsp ./tests/eil51.txt    [92m[ok] - 1.000[0m
2021-11-27 15:59:52,316 - INFO - tsp ./tests/eil76.txt    [92m[ok] - 1.000[0m
2021-11-27 15:59:53,610 - INFO - tsp ./tests/fl417.txt    [93m[ok] - 0.985[0m
2021-11-27 15:59:54,366 - INFO - tsp ./tests/lin105.txt   [92m[ok] - 1.000[0m
2021-11-27 15:59:54,375 - INFO - tsp ./tests/lin318.txt   [93m[ok] - 0.960[0m
2021-11-27 15:59:54,394 - INFO - tsp ./tests/lu980.txt    [93m[ok] - 0.818[0m
2021-11-27 15:59:55,736 - INFO - tsp ./tests/pcb1173.txt  [95m[ok] - 0.573[0m
2021-11-27 15:59:56,429 - INFO - tsp ./tests/pcb442.txt   [93m[ok] - 0.920[0m
2021-11-27 15:59:56,435 - INFO - tsp ./tests/pr107.txt    [92m[ok] - 1.000[0m
2021-11-27 15:59:56,504 - INFO - tsp ./tests/pr124.txt    [92m[ok] - 1.000[0m
2021-11-27 15:59:57,847 - INFO - tsp ./tests/pr136.txt    [93m[ok] - 0.997[0m
2021-11-27 15:59:58,540 - INFO - tsp ./tests/pr144.txt    [92m[ok] - 1.000[0m
2021-11-27 15:59:58,540 - INFO - tsp ./tests/pr152.txt    [93m[ok] - 0.957[0m
2021-11-27 15:59:58,612 - INFO - tsp ./tests/pr226.txt    [92m[ok] - 1.000[0m
2021-11-27 15:59:59,908 - INFO - tsp ./tests/pr264.txt    [92m[ok] - 1.000[0m
2021-11-27 16:00:00,553 - INFO - tsp ./tests/pr299.txt    [93m[ok] - 0.983[0m
2021-11-27 16:00:00,603 - INFO - tsp ./tests/pr439.txt    [93m[ok] - 0.995[0m
2021-11-27 16:00:00,718 - INFO - tsp ./tests/pr76.txt     [92m[ok] - 1.000[0m
2021-11-27 16:00:01,969 - INFO - tsp ./tests/rat195.txt   [92m[ok] - 1.000[0m
2021-11-27 16:00:02,620 - INFO - tsp ./tests/rat575.txt   [93m[ok] - 0.852[0m
2021-11-27 16:00:02,673 - INFO - tsp ./tests/rat783.txt   [93m[ok] - 0.846[0m
2021-11-27 16:00:02,775 - INFO - tsp ./tests/rat99.txt    [92m[ok] - 1.000[0m
2021-11-27 16:00:04,026 - INFO - tsp ./tests/rd100.txt    [92m[ok] - 1.000[0m
2021-11-27 16:00:04,734 - INFO - tsp ./tests/rd400.txt    [93m[ok] - 0.905[0m
2021-11-27 16:00:04,756 - INFO - tsp ./tests/rl1304.txt   [95m[ok] - 0.698[0m
2021-11-27 16:00:04,839 - INFO - tsp ./tests/xql662.txt   [93m[ok] - 0.903[0m
2021-11-27 16:00:06,101 - INFO - tsp ./tests/zi929.txt    [95m[ok] - 0.771[0m
2021-11-27 16:00:06,105 - INFO - 
Tests passed (score):

    ----------------
    41/41 (46.54/50)
    ----------------
2021-11-27 16:00:17,307 - INFO - Testing tsp.cpp
2021-11-27 16:00:17,307 - DEBUG - Compiling tsp.cpp...
2021-11-27 16:00:22,004 - INFO - tsp ./tests/19_rnd_0.txt [92m[ok] - 1.000[0m
2021-11-27 16:00:22,055 - INFO - tsp ./tests/19_rnd_1.txt [92m[ok] - 1.000[0m
2021-11-27 16:00:22,056 - INFO - tsp ./tests/19_rnd_2.txt [92m[ok] - 1.000[0m
2021-11-27 16:00:22,056 - INFO - tsp ./tests/bcl380.txt   [93m[ok] - 0.879[0m
2021-11-27 16:00:24,569 - INFO - tsp ./tests/berlin52.txt [92m[ok] - 1.000[0m
2021-11-27 16:00:26,331 - INFO - tsp ./tests/bier127.txt  [92m[ok] - 1.000[0m
2021-11-27 16:00:26,331 - INFO - tsp ./tests/ch130.txt    [92m[ok] - 1.000[0m
2021-11-27 16:00:26,332 - INFO - tsp ./tests/ch150.txt    [92m[ok] - 1.000[0m
2021-11-27 16:00:28,273 - INFO - tsp ./tests/d1291.txt    [93m[ok] - 0.806[0m
2021-11-27 16:00:28,998 - INFO - tsp ./tests/d198.txt     [93m[ok] - 0.984[0m
2021-11-27 16:00:29,163 - INFO - tsp ./tests/d493.txt     [93m[ok] - 0.936[0m
2021-11-27 16:00:29,214 - INFO - tsp ./tests/d657.txt     [93m[ok] - 0.898[0m
2021-11-27 16:00:32,328 - INFO - tsp ./tests/dsj1000.txt  [95m[ok] - 0.708[0m
2021-11-27 16:00:33,780 - INFO - tsp ./tests/eil101.txt   [92m[ok] - 1.000[0m
2021-11-27 16:00:34,002 - INFO - tsp ./tests/eil51.txt    [92m[ok] - 1.000[0m
2021-11-27 16:00:34,102 - INFO - tsp ./tests/eil76.txt    [92m[ok] - 1.000[0m
2021-11-27 16:00:36,822 - INFO - tsp ./tests/fl417.txt    [93m[ok] - 0.984[0m
2021-11-27 16:00:38,214 - INFO - tsp ./tests/lin105.txt   [92m[ok] - 1.000[0m
2021-11-27 16:00:38,435 - INFO - tsp ./tests/lin318.txt   [93m[ok] - 0.957[0m
2021-11-27 16:00:38,604 - INFO - tsp ./tests/lu980.txt    [95m[ok] - 0.773[0m
2021-11-27 16:00:40,618 - INFO - tsp ./tests/pcb1173.txt  [95m[ok] - 0.666[0m
2021-11-27 16:00:41,341 - INFO - tsp ./tests/pcb442.txt   [93m[ok] - 0.867[0m
2021-11-27 16:00:41,463 - INFO - tsp ./tests/pr107.txt    [92m[ok] - 1.000[0m
2021-11-27 16:00:41,579 - INFO - tsp ./tests/pr124.txt    [92m[ok] - 1.000[0m
2021-11-27 16:00:44,872 - INFO - tsp ./tests/pr136.txt    [93m[ok] - 0.999[0m
2021-11-27 16:00:46,334 - INFO - tsp ./tests/pr144.txt    [92m[ok] - 1.000[0m
2021-11-27 16:00:46,603 - INFO - tsp ./tests/pr152.txt    [93m[ok] - 0.957[0m
2021-11-27 16:00:46,820 - INFO - tsp ./tests/pr226.txt    [92m[ok] - 1.000[0m
2021-11-27 16:00:49,842 - INFO - tsp ./tests/pr264.txt    [92m[ok] - 1.000[0m
2021-11-27 16:00:50,509 - INFO - tsp ./tests/pr299.txt    [92m[ok] - 1.000[0m
2021-11-27 16:00:50,580 - INFO - tsp ./tests/pr439.txt    [93m[ok] - 0.995[0m
2021-11-27 16:00:50,694 - INFO - tsp ./tests/pr76.txt     [92m[ok] - 1.000[0m
2021-11-27 16:00:52,252 - INFO - tsp ./tests/rat195.txt   [93m[ok] - 0.955[0m
2021-11-27 16:00:52,928 - INFO - tsp ./tests/rat575.txt   [93m[ok] - 0.843[0m
2021-11-27 16:00:53,003 - INFO - tsp ./tests/rat783.txt   [95m[ok] - 0.774[0m
2021-11-27 16:00:53,003 - INFO - tsp ./tests/rat99.txt    [92m[ok] - 1.000[0m
2021-11-27 16:00:54,712 - INFO - tsp ./tests/rd100.txt    [92m[ok] - 1.000[0m
2021-11-27 16:00:55,301 - INFO - tsp ./tests/rd400.txt    [93m[ok] - 0.988[0m
2021-11-27 16:00:55,301 - INFO - tsp ./tests/rl1304.txt   [91m[failed] WA (Received <empty>)[0m
2021-11-27 16:00:55,329 - INFO - tsp ./tests/xql662.txt   [93m[ok] - 0.903[0m
2021-11-27 16:00:55,333 - INFO - tsp ./tests/zi929.txt    [93m[ok] - 0.875[0m
2021-11-27 16:00:55,338 - INFO - 
Tests passed (score):

    ----------------
    40/41 (46.03/50)
    ----------------
2021-11-27 16:01:39,616 - INFO - Testing tsp.cpp
2021-11-27 16:01:39,616 - DEBUG - Compiling tsp.cpp...
2021-11-27 16:01:45,297 - INFO - tsp ./tests/19_rnd_0.txt [92m[ok] - 1.000[0m
2021-11-27 16:01:45,298 - INFO - tsp ./tests/19_rnd_1.txt [92m[ok] - 1.000[0m
2021-11-27 16:01:45,298 - INFO - tsp ./tests/19_rnd_2.txt [92m[ok] - 1.000[0m
2021-11-27 16:01:45,298 - INFO - tsp ./tests/bcl380.txt   [93m[ok] - 0.846[0m
2021-11-27 16:01:46,766 - INFO - tsp ./tests/berlin52.txt [92m[ok] - 1.000[0m
2021-11-27 16:01:47,914 - INFO - tsp ./tests/bier127.txt  [92m[ok] - 1.000[0m
2021-11-27 16:01:47,958 - INFO - tsp ./tests/ch130.txt    [92m[ok] - 1.000[0m
2021-11-27 16:01:48,012 - INFO - tsp ./tests/ch150.txt    [92m[ok] - 1.000[0m
2021-11-27 16:01:49,208 - INFO - tsp ./tests/d1291.txt    [95m[ok] - 0.613[0m
2021-11-27 16:01:50,187 - INFO - tsp ./tests/d198.txt     [92m[ok] - 1.000[0m
2021-11-27 16:01:50,273 - INFO - tsp ./tests/d493.txt     [93m[ok] - 0.860[0m
2021-11-27 16:01:50,685 - INFO - tsp ./tests/d657.txt     [93m[ok] - 0.922[0m
2021-11-27 16:01:53,570 - INFO - tsp ./tests/dsj1000.txt  [93m[ok] - 0.840[0m
2021-11-27 16:01:55,221 - INFO - tsp ./tests/eil101.txt   [92m[ok] - 1.000[0m
2021-11-27 16:01:55,258 - INFO - tsp ./tests/eil51.txt    [92m[ok] - 1.000[0m
2021-11-27 16:01:55,409 - INFO - tsp ./tests/eil76.txt    [92m[ok] - 1.000[0m
2021-11-27 16:01:56,956 - INFO - tsp ./tests/fl417.txt    [93m[ok] - 0.980[0m
2021-11-27 16:01:58,337 - INFO - tsp ./tests/lin105.txt   [92m[ok] - 1.000[0m
2021-11-27 16:01:58,377 - INFO - tsp ./tests/lin318.txt   [93m[ok] - 0.938[0m
2021-11-27 16:01:58,512 - INFO - tsp ./tests/lu980.txt    [93m[ok] - 0.851[0m
2021-11-27 16:01:59,742 - INFO - tsp ./tests/pcb1173.txt  [95m[ok] - 0.623[0m
2021-11-27 16:02:00,752 - INFO - tsp ./tests/pcb442.txt   [93m[ok] - 0.906[0m
2021-11-27 16:02:00,753 - INFO - tsp ./tests/pr107.txt    [92m[ok] - 1.000[0m
2021-11-27 16:02:00,935 - INFO - tsp ./tests/pr124.txt    [92m[ok] - 1.000[0m
2021-11-27 16:02:02,461 - INFO - tsp ./tests/pr136.txt    [93m[ok] - 0.999[0m
2021-11-27 16:02:03,467 - INFO - tsp ./tests/pr144.txt    [92m[ok] - 1.000[0m
2021-11-27 16:02:03,471 - INFO - tsp ./tests/pr152.txt    [92m[ok] - 1.000[0m
2021-11-27 16:02:03,608 - INFO - tsp ./tests/pr226.txt    [92m[ok] - 1.000[0m
2021-11-27 16:02:05,392 - INFO - tsp ./tests/pr264.txt    [92m[ok] - 1.000[0m
2021-11-27 16:02:06,553 - INFO - tsp ./tests/pr299.txt    [92m[ok] - 1.000[0m
2021-11-27 16:02:06,555 - INFO - tsp ./tests/pr439.txt    [93m[ok] - 0.969[0m
2021-11-27 16:02:06,894 - INFO - tsp ./tests/pr76.txt     [92m[ok] - 1.000[0m
2021-11-27 16:02:08,381 - INFO - tsp ./tests/rat195.txt   [92m[ok] - 1.000[0m
2021-11-27 16:02:09,633 - INFO - tsp ./tests/rat575.txt   [95m[ok] - 0.799[0m
2021-11-27 16:02:09,687 - INFO - tsp ./tests/rat783.txt   [93m[ok] - 0.813[0m
2021-11-27 16:02:09,914 - INFO - tsp ./tests/rat99.txt    [92m[ok] - 1.000[0m
2021-11-27 16:02:11,106 - INFO - tsp ./tests/rd100.txt    [92m[ok] - 1.000[0m
2021-11-27 16:02:11,958 - INFO - tsp ./tests/rd400.txt    [93m[ok] - 0.954[0m
2021-11-27 16:02:11,977 - INFO - tsp ./tests/rl1304.txt   [95m[ok] - 0.629[0m
2021-11-27 16:02:12,132 - INFO - tsp ./tests/xql662.txt   [93m[ok] - 0.914[0m
2021-11-27 16:02:13,222 - INFO - tsp ./tests/zi929.txt    [95m[ok] - 0.766[0m
2021-11-27 16:02:13,226 - INFO - 
Tests passed (score):

    ----------------
    41/41 (46.61/50)
    ----------------
2021-11-27 16:04:29,740 - INFO - Testing tsp.cpp
2021-11-27 16:04:29,741 - DEBUG - Compiling tsp.cpp...
2021-11-27 16:04:35,764 - INFO - tsp ./tests/19_rnd_0.txt [92m[ok] - 1.000[0m
2021-11-27 16:04:35,916 - INFO - tsp ./tests/19_rnd_1.txt [92m[ok] - 1.000[0m
2021-11-27 16:04:35,917 - INFO - tsp ./tests/19_rnd_2.txt [92m[ok] - 1.000[0m
2021-11-27 16:04:35,918 - INFO - tsp ./tests/bcl380.txt   [92m[ok] - 1.000[0m
2021-11-27 16:04:37,468 - INFO - tsp ./tests/berlin52.txt [92m[ok] - 1.000[0m
2021-11-27 16:04:38,436 - INFO - tsp ./tests/bier127.txt  [92m[ok] - 1.000[0m
2021-11-27 16:04:38,527 - INFO - tsp ./tests/ch130.txt    [92m[ok] - 1.000[0m
2021-11-27 16:04:38,531 - INFO - tsp ./tests/ch150.txt    [92m[ok] - 1.000[0m
2021-11-27 16:04:39,908 - INFO - tsp ./tests/d1291.txt    [93m[ok] - 0.882[0m
2021-11-27 16:04:40,604 - INFO - tsp ./tests/d198.txt     [93m[ok] - 0.975[0m
2021-11-27 16:04:40,646 - INFO - tsp ./tests/d493.txt     [93m[ok] - 0.923[0m
2021-11-27 16:04:40,659 - INFO - tsp ./tests/d657.txt     [93m[ok] - 0.815[0m
2021-11-27 16:04:42,050 - INFO - tsp ./tests/dsj1000.txt  [95m[ok] - 0.763[0m
2021-11-27 16:04:42,724 - INFO - tsp ./tests/eil101.txt   [92m[ok] - 1.000[0m
2021-11-27 16:04:42,725 - INFO - tsp ./tests/eil51.txt    [92m[ok] - 1.000[0m
2021-11-27 16:04:42,777 - INFO - tsp ./tests/eil76.txt    [92m[ok] - 1.000[0m
2021-11-27 16:04:44,223 - INFO - tsp ./tests/fl417.txt    [93m[ok] - 0.980[0m
2021-11-27 16:04:44,838 - INFO - tsp ./tests/lin105.txt   [92m[ok] - 1.000[0m
2021-11-27 16:04:44,840 - INFO - tsp ./tests/lin318.txt   [93m[ok] - 0.960[0m
2021-11-27 16:04:44,908 - INFO - tsp ./tests/lu980.txt    [95m[ok] - 0.788[0m
2021-11-27 16:04:46,361 - INFO - tsp ./tests/pcb1173.txt  [95m[ok] - 0.654[0m
2021-11-27 16:04:46,962 - INFO - tsp ./tests/pcb442.txt   [93m[ok] - 0.947[0m
2021-11-27 16:04:46,963 - INFO - tsp ./tests/pr107.txt    [92m[ok] - 1.000[0m
2021-11-27 16:04:47,021 - INFO - tsp ./tests/pr124.txt    [92m[ok] - 1.000[0m
2021-11-27 16:04:48,430 - INFO - tsp ./tests/pr136.txt    [92m[ok] - 1.000[0m
2021-11-27 16:04:49,071 - INFO - tsp ./tests/pr144.txt    [92m[ok] - 1.000[0m
2021-11-27 16:04:49,072 - INFO - tsp ./tests/pr152.txt    [93m[ok] - 0.957[0m
2021-11-27 16:04:49,179 - INFO - tsp ./tests/pr226.txt    [92m[ok] - 1.000[0m
2021-11-27 16:04:50,548 - INFO - tsp ./tests/pr264.txt    [92m[ok] - 1.000[0m
2021-11-27 16:04:51,186 - INFO - tsp ./tests/pr299.txt    [92m[ok] - 1.000[0m
2021-11-27 16:04:51,188 - INFO - tsp ./tests/pr439.txt    [93m[ok] - 0.994[0m
2021-11-27 16:04:51,339 - INFO - tsp ./tests/pr76.txt     [92m[ok] - 1.000[0m
2021-11-27 16:04:52,667 - INFO - tsp ./tests/rat195.txt   [92m[ok] - 1.000[0m
2021-11-27 16:04:53,364 - INFO - tsp ./tests/rat575.txt   [93m[ok] - 0.808[0m
2021-11-27 16:04:53,365 - INFO - tsp ./tests/rat783.txt   [93m[ok] - 0.810[0m
2021-11-27 16:04:53,507 - INFO - tsp ./tests/rat99.txt    [92m[ok] - 1.000[0m
2021-11-27 16:04:54,885 - INFO - tsp ./tests/rd100.txt    [92m[ok] - 1.000[0m
2021-11-27 16:04:55,678 - INFO - tsp ./tests/rd400.txt    [93m[ok] - 0.947[0m
2021-11-27 16:04:55,678 - INFO - tsp ./tests/rl1304.txt   [95m[ok] - 0.770[0m
2021-11-27 16:04:55,728 - INFO - tsp ./tests/xql662.txt   [93m[ok] - 0.908[0m
2021-11-27 16:04:56,970 - INFO - tsp ./tests/zi929.txt    [95m[ok] - 0.729[0m
2021-11-27 16:04:56,974 - INFO - 
Tests passed (score):

    ----------------
    41/41 (47.09/50)
    ----------------
2021-11-27 16:05:57,319 - INFO - Testing tsp.cpp
2021-11-27 16:05:57,319 - DEBUG - Compiling tsp.cpp...
2021-11-27 16:06:01,912 - INFO - tsp ./tests/19_rnd_0.txt [92m[ok] - 1.000[0m
2021-11-27 16:06:01,962 - INFO - tsp ./tests/19_rnd_1.txt [92m[ok] - 1.000[0m
2021-11-27 16:06:01,963 - INFO - tsp ./tests/19_rnd_2.txt [92m[ok] - 1.000[0m
2021-11-27 16:06:01,963 - INFO - tsp ./tests/bcl380.txt   [93m[ok] - 0.914[0m
2021-11-27 16:06:03,173 - INFO - tsp ./tests/berlin52.txt [92m[ok] - 1.000[0m
2021-11-27 16:06:04,137 - INFO - tsp ./tests/bier127.txt  [92m[ok] - 1.000[0m
2021-11-27 16:06:04,176 - INFO - tsp ./tests/ch130.txt    [92m[ok] - 1.000[0m
2021-11-27 16:06:04,177 - INFO - tsp ./tests/ch150.txt    [92m[ok] - 1.000[0m
2021-11-27 16:06:05,368 - INFO - tsp ./tests/d1291.txt    [95m[ok] - 0.566[0m
2021-11-27 16:06:06,501 - INFO - tsp ./tests/d198.txt     [93m[ok] - 0.987[0m
2021-11-27 16:06:06,540 - INFO - tsp ./tests/d493.txt     [93m[ok] - 0.869[0m
2021-11-27 16:06:06,550 - INFO - tsp ./tests/d657.txt     [93m[ok] - 0.909[0m
2021-11-27 16:06:08,466 - INFO - tsp ./tests/dsj1000.txt  [93m[ok] - 0.809[0m
2021-11-27 16:06:09,318 - INFO - tsp ./tests/eil101.txt   [92m[ok] - 1.000[0m
2021-11-27 16:06:09,360 - INFO - tsp ./tests/eil51.txt    [92m[ok] - 1.000[0m
2021-11-27 16:06:09,361 - INFO - tsp ./tests/eil76.txt    [92m[ok] - 1.000[0m
2021-11-27 16:06:10,786 - INFO - tsp ./tests/fl417.txt    [93m[ok] - 0.969[0m
2021-11-27 16:06:11,536 - INFO - tsp ./tests/lin105.txt   [92m[ok] - 1.000[0m
2021-11-27 16:06:11,690 - INFO - tsp ./tests/lin318.txt   [93m[ok] - 0.960[0m
2021-11-27 16:06:11,692 - INFO - tsp ./tests/lu980.txt    [93m[ok] - 0.810[0m
2021-11-27 16:06:12,858 - INFO - tsp ./tests/pcb1173.txt  [95m[ok] - 0.653[0m
2021-11-27 16:06:13,858 - INFO - tsp ./tests/pcb442.txt   [93m[ok] - 0.918[0m
2021-11-27 16:06:14,006 - INFO - tsp ./tests/pr107.txt    [92m[ok] - 1.000[0m
2021-11-27 16:06:14,008 - INFO - tsp ./tests/pr124.txt    [92m[ok] - 1.000[0m
2021-11-27 16:06:15,384 - INFO - tsp ./tests/pr136.txt    [92m[ok] - 1.000[0m
2021-11-27 16:06:16,727 - INFO - tsp ./tests/pr144.txt    [92m[ok] - 1.000[0m
2021-11-27 16:06:16,981 - INFO - tsp ./tests/pr152.txt    [92m[ok] - 1.000[0m
2021-11-27 16:06:16,982 - INFO - tsp ./tests/pr226.txt    [92m[ok] - 1.000[0m
2021-11-27 16:06:18,361 - INFO - tsp ./tests/pr264.txt    [92m[ok] - 1.000[0m
2021-11-27 16:06:19,303 - INFO - tsp ./tests/pr299.txt    [92m[ok] - 1.000[0m
2021-11-27 16:06:19,455 - INFO - tsp ./tests/pr439.txt    [93m[ok] - 0.975[0m
2021-11-27 16:06:19,492 - INFO - tsp ./tests/pr76.txt     [92m[ok] - 1.000[0m
2021-11-27 16:06:21,386 - INFO - tsp ./tests/rat195.txt   [93m[ok] - 0.955[0m
2021-11-27 16:06:22,635 - INFO - tsp ./tests/rat575.txt   [93m[ok] - 0.922[0m
2021-11-27 16:06:22,851 - INFO - tsp ./tests/rat783.txt   [95m[ok] - 0.774[0m
2021-11-27 16:06:22,907 - INFO - tsp ./tests/rat99.txt    [92m[ok] - 1.000[0m
2021-11-27 16:06:24,564 - INFO - tsp ./tests/rd100.txt    [92m[ok] - 1.000[0m
2021-11-27 16:06:25,419 - INFO - tsp ./tests/rd400.txt    [93m[ok] - 0.934[0m
2021-11-27 16:06:25,547 - INFO - tsp ./tests/rl1304.txt   [95m[ok] - 0.561[0m
2021-11-27 16:06:25,548 - INFO - tsp ./tests/xql662.txt   [93m[ok] - 0.841[0m
2021-11-27 16:06:26,749 - INFO - tsp ./tests/zi929.txt    [93m[ok] - 0.890[0m
2021-11-27 16:06:26,753 - INFO - 
Tests passed (score):

    ----------------
    41/41 (46.61/50)
    ----------------
